#
# There is insufficient memory for the Java Runtime Environment to continue.
# Native memory allocation (malloc) failed to allocate 1076976 bytes for Chunk::new
# Possible reasons:
#   The system is out of physical RAM or swap space
#   The process is running with CompressedOops enabled, and the Java Heap may be blocking the growth of the native heap
# Possible solutions:
#   Reduce memory load on the system
#   Increase physical memory or swap space
#   Check if swap backing store is full
#   Decrease Java heap size (-Xmx/-Xms)
#   Decrease number of Java threads
#   Decrease Java thread stack sizes (-Xss)
#   Set larger code cache with -XX:ReservedCodeCacheSize=
#   JVM is running with Unscaled Compressed Oops mode in which the Java heap is
#     placed in the first 4GB address space. The Java Heap base address is the
#     maximum limit for the native heap growth. Please use -XX:HeapBaseMinAddress
#     to set the Java Heap base and to place the Java Heap above 4GB virtual address.
# This output file may be truncated or incomplete.
#
#  Out of Memory Error (allocation.cpp:389), pid=11432, tid=0x0000000000002260
#
# JRE version: OpenJDK Runtime Environment (8.0_242-b01) (build 1.8.0_242-release-1644-b01)
# Java VM: OpenJDK 64-Bit Server VM (25.242-b01 mixed mode windows-amd64 compressed oops)
# Failed to write core dump. Minidumps are not enabled by default on client versions of Windows
#

---------------  T H R E A D  ---------------

Current thread (0x000000001774a800):  JavaThread "C2 CompilerThread0" daemon [_thread_in_native, id=8800, stack(0x0000000018da0000,0x0000000018ea0000)]

Stack: [0x0000000018da0000,0x0000000018ea0000]
[error occurred during error reporting (printing stack bounds), id 0xc0000005]

Native frames: (J=compiled Java code, j=interpreted, Vv=VM code, C=native code)


Current CompileTask:
C2:  13326 10783       4       org.jetbrains.kotlin.load.kotlin.DescriptorBasedTypeSignatureMappingKt::mapType (952 bytes)


---------------  P R O C E S S  ---------------

Java Threads: ( => current thread )
  0x000000001779e800 JavaThread "Service Thread" daemon [_thread_blocked, id=7556, stack(0x00000000194a0000,0x00000000195a0000)]
  0x000000001775e000 JavaThread "C1 CompilerThread2" daemon [_thread_in_native, id=9816, stack(0x0000000018fa0000,0x00000000190a0000)]
  0x000000001774d800 JavaThread "C2 CompilerThread1" daemon [_thread_in_native, id=6896, stack(0x0000000018ea0000,0x0000000018fa0000)]
=>0x000000001774a800 JavaThread "C2 CompilerThread0" daemon [_thread_in_native, id=8800, stack(0x0000000018da0000,0x0000000018ea0000)]
  0x0000000017749000 JavaThread "Attach Listener" daemon [_thread_blocked, id=8692, stack(0x0000000018ca0000,0x0000000018da0000)]
  0x0000000017746000 JavaThread "Signal Dispatcher" daemon [_thread_blocked, id=6568, stack(0x0000000018ba0000,0x0000000018ca0000)]
  0x0000000002a6e000 JavaThread "Finalizer" daemon [_thread_blocked, id=9728, stack(0x00000000189a0000,0x0000000018aa0000)]
  0x0000000017728800 JavaThread "Reference Handler" daemon [_thread_blocked, id=11900, stack(0x00000000188a0000,0x00000000189a0000)]
  0x0000000002972800 JavaThread "main" [_thread_in_Java, id=6160, stack(0x0000000001090000,0x0000000001190000)]

Other Threads:
  0x0000000017706800 VMThread [stack: 0x00000000187a0000,0x00000000188a0000] [id=1276]
  0x00000000190e3800 WatcherThread [stack: 0x00000000195a0000,0x00000000196a0000] [id=1592]

VM state:not at safepoint (normal execution)

VM Mutex/Monitor currently owned by a thread: None

heap address: 0x0000000081c00000, size: 2020 MB, Compressed Oops mode: 32-bit
Narrow klass base: 0x0000000000000000, Narrow klass shift: 3
Compressed class space size: 1073741824 Address: 0x0000000100000000

Heap:
 PSYoungGen      total 176128K, used 37291K [0x00000000d5f00000, 0x00000000e4000000, 0x0000000100000000)
  eden space 141824K, 26% used [0x00000000d5f00000,0x00000000d836ada8,0x00000000de980000)
  from space 34304K, 0% used [0x00000000e1200000,0x00000000e1200000,0x00000000e3380000)
  to   space 41472K, 0% used [0x00000000de980000,0x00000000de980000,0x00000000e1200000)
 ParOldGen       total 217600K, used 75583K [0x0000000081c00000, 0x000000008f080000, 0x00000000d5f00000)
  object space 217600K, 34% used [0x0000000081c00000,0x00000000865cff48,0x000000008f080000)
 Metaspace       used 63605K, capacity 64774K, committed 65240K, reserved 1107968K
  class space    used 7293K, capacity 7585K, committed 7680K, reserved 1048576K

Card table byte_map: [0x00000000120d0000,0x00000000124d0000] byte_map_base: 0x0000000011cc2000

Marking Bits: (ParMarkBitMap*) 0x0000000075bbf030
 Begin Bits: [0x0000000012a80000, 0x0000000014a10000)
 End Bits:   [0x0000000014a10000, 0x00000000169a0000)

Polling page: 0x0000000001190000

CodeCache: size=245760Kb used=42302Kb max_used=42302Kb free=203457Kb
 bounds [0x0000000002d10000, 0x0000000005690000, 0x0000000011d10000]
 total_blobs=10179 nmethods=9616 adapters=474
 compilation: enabled

Compilation events (10 events):
Event: 13.322 Thread 0x000000001775e000 nmethod 11071 0x0000000005671310 code [0x0000000005671920, 0x0000000005676248]
Event: 13.322 Thread 0x000000001775e000 11072       3       org.jetbrains.kotlin.resolve.descriptorUtil.DescriptorUtilsKt$parentsWithSelf$1::invoke (9 bytes)
Event: 13.323 Thread 0x000000001775e000 nmethod 11072 0x0000000005678390 code [0x0000000005678580, 0x0000000005678e88]
Event: 13.323 Thread 0x000000001775e000 11073       3       org.jetbrains.kotlin.resolve.descriptorUtil.DescriptorUtilsKt$parentsWithSelf$1::invoke (13 bytes)
Event: 13.324 Thread 0x000000001775e000 nmethod 11073 0x0000000005679390 code [0x0000000005679580, 0x0000000005679ca8]
Event: 13.324 Thread 0x000000001775e000 11074       3       org.jetbrains.kotlin.com.intellij.psi.util.PsiTreeUtil::getParentOfType (41 bytes)
Event: 13.324 Thread 0x000000001775e000 nmethod 11074 0x000000000567a0d0 code [0x000000000567a260, 0x000000000567a6e8]
Event: 13.324 Thread 0x000000001775e000 11075       3       org.jetbrains.kotlin.com.intellij.psi.AbstractFileViewProvider::getDocument (48 bytes)
Event: 13.325 Thread 0x000000001775e000 nmethod 11075 0x000000000567a810 code [0x000000000567aa40, 0x000000000567b648]
Event: 13.325 Thread 0x000000001775e000 11076       3       org.jetbrains.kotlin.codegen.CodegenUtilKt::isJvmStaticIn (138 bytes)

GC Heap History (10 events):
Event: 3.120 GC heap before
{Heap before GC invocations=7 (full 2):
 PSYoungGen      total 125440K, used 5101K [0x00000000d5f00000, 0x00000000dfc80000, 0x0000000100000000)
  eden space 120320K, 0% used [0x00000000d5f00000,0x00000000d5f00000,0x00000000dd480000)
  from space 5120K, 99% used [0x00000000de100000,0x00000000de5fb670,0x00000000de600000)
  to   space 20480K, 0% used [0x00000000de880000,0x00000000de880000,0x00000000dfc80000)
 ParOldGen       total 94208K, used 40381K [0x0000000081c00000, 0x0000000087800000, 0x00000000d5f00000)
  object space 94208K, 42% used [0x0000000081c00000,0x000000008436f790,0x0000000087800000)
 Metaspace       used 34689K, capacity 35204K, committed 35416K, reserved 1081344K
  class space    used 4320K, capacity 4476K, committed 4480K, reserved 1048576K
Event: 3.201 GC heap after
Heap after GC invocations=7 (full 2):
 PSYoungGen      total 125440K, used 0K [0x00000000d5f00000, 0x00000000dfc80000, 0x0000000100000000)
  eden space 120320K, 0% used [0x00000000d5f00000,0x00000000d5f00000,0x00000000dd480000)
  from space 5120K, 0% used [0x00000000de100000,0x00000000de100000,0x00000000de600000)
  to   space 20480K, 0% used [0x00000000de880000,0x00000000de880000,0x00000000dfc80000)
 ParOldGen       total 139776K, used 34925K [0x0000000081c00000, 0x000000008a480000, 0x00000000d5f00000)
  object space 139776K, 24% used [0x0000000081c00000,0x0000000083e1b578,0x000000008a480000)
 Metaspace       used 34689K, capacity 35204K, committed 35416K, reserved 1081344K
  class space    used 4320K, capacity 4476K, committed 4480K, reserved 1048576K
}
Event: 5.154 GC heap before
{Heap before GC invocations=8 (full 2):
 PSYoungGen      total 125440K, used 120320K [0x00000000d5f00000, 0x00000000dfc80000, 0x0000000100000000)
  eden space 120320K, 100% used [0x00000000d5f00000,0x00000000dd480000,0x00000000dd480000)
  from space 5120K, 0% used [0x00000000de100000,0x00000000de100000,0x00000000de600000)
  to   space 20480K, 0% used [0x00000000de880000,0x00000000de880000,0x00000000dfc80000)
 ParOldGen       total 139776K, used 34925K [0x0000000081c00000, 0x000000008a480000, 0x00000000d5f00000)
  object space 139776K, 24% used [0x0000000081c00000,0x0000000083e1b578,0x000000008a480000)
 Metaspace       used 45570K, capacity 46408K, committed 46680K, reserved 1089536K
  class space    used 5530K, capacity 5736K, committed 5760K, reserved 1048576K
Event: 5.184 GC heap after
Heap after GC invocations=8 (full 2):
 PSYoungGen      total 135168K, used 20473K [0x00000000d5f00000, 0x00000000e2d80000, 0x0000000100000000)
  eden space 114688K, 0% used [0x00000000d5f00000,0x00000000d5f00000,0x00000000dcf00000)
  from space 20480K, 99% used [0x00000000de880000,0x00000000dfc7e648,0x00000000dfc80000)
  to   space 26112K, 0% used [0x00000000dcf00000,0x00000000dcf00000,0x00000000de880000)
 ParOldGen       total 139776K, used 39629K [0x0000000081c00000, 0x000000008a480000, 0x00000000d5f00000)
  object space 139776K, 28% used [0x0000000081c00000,0x00000000842b34b0,0x000000008a480000)
 Metaspace       used 45570K, capacity 46408K, committed 46680K, reserved 1089536K
  class space    used 5530K, capacity 5736K, committed 5760K, reserved 1048576K
}
Event: 8.186 GC heap before
{Heap before GC invocations=9 (full 2):
 PSYoungGen      total 135168K, used 135161K [0x00000000d5f00000, 0x00000000e2d80000, 0x0000000100000000)
  eden space 114688K, 100% used [0x00000000d5f00000,0x00000000dcf00000,0x00000000dcf00000)
  from space 20480K, 99% used [0x00000000de880000,0x00000000dfc7e648,0x00000000dfc80000)
  to   space 26112K, 0% used [0x00000000dcf00000,0x00000000dcf00000,0x00000000de880000)
 ParOldGen       total 139776K, used 39629K [0x0000000081c00000, 0x000000008a480000, 0x00000000d5f00000)
  object space 139776K, 28% used [0x0000000081c00000,0x00000000842b34b0,0x000000008a480000)
 Metaspace       used 53517K, capacity 54522K, committed 54744K, reserved 1097728K
  class space    used 6308K, capacity 6579K, committed 6656K, reserved 1048576K
Event: 8.232 GC heap after
Heap after GC invocations=9 (full 2):
 PSYoungGen      total 140800K, used 26083K [0x00000000d5f00000, 0x00000000e3380000, 0x0000000100000000)
  eden space 114688K, 0% used [0x00000000d5f00000,0x00000000d5f00000,0x00000000dcf00000)
  from space 26112K, 99% used [0x00000000dcf00000,0x00000000de878d80,0x00000000de880000)
  to   space 34304K, 0% used [0x00000000e1200000,0x00000000e1200000,0x00000000e3380000)
 ParOldGen       total 139776K, used 48374K [0x0000000081c00000, 0x000000008a480000, 0x00000000d5f00000)
  object space 139776K, 34% used [0x0000000081c00000,0x0000000084b3db88,0x000000008a480000)
 Metaspace       used 53517K, capacity 54522K, committed 54744K, reserved 1097728K
  class space    used 6308K, capacity 6579K, committed 6656K, reserved 1048576K
}
Event: 11.938 GC heap before
{Heap before GC invocations=10 (full 2):
 PSYoungGen      total 140800K, used 125647K [0x00000000d5f00000, 0x00000000e3380000, 0x0000000100000000)
  eden space 114688K, 86% used [0x00000000d5f00000,0x00000000dc03afd0,0x00000000dcf00000)
  from space 26112K, 99% used [0x00000000dcf00000,0x00000000de878d80,0x00000000de880000)
  to   space 34304K, 0% used [0x00000000e1200000,0x00000000e1200000,0x00000000e3380000)
 ParOldGen       total 139776K, used 48374K [0x0000000081c00000, 0x000000008a480000, 0x00000000d5f00000)
  object space 139776K, 34% used [0x0000000081c00000,0x0000000084b3db88,0x000000008a480000)
 Metaspace       used 57713K, capacity 58816K, committed 58968K, reserved 1101824K
  class space    used 6706K, capacity 7016K, committed 7040K, reserved 1048576K
Event: 12.002 GC heap after
Heap after GC invocations=10 (full 2):
 PSYoungGen      total 176128K, used 34284K [0x00000000d5f00000, 0x00000000e4000000, 0x0000000100000000)
  eden space 141824K, 0% used [0x00000000d5f00000,0x00000000d5f00000,0x00000000de980000)
  from space 34304K, 99% used [0x00000000e1200000,0x00000000e337b230,0x00000000e3380000)
  to   space 41472K, 0% used [0x00000000de980000,0x00000000de980000,0x00000000e1200000)
 ParOldGen       total 139776K, used 52760K [0x0000000081c00000, 0x000000008a480000, 0x00000000d5f00000)
  object space 139776K, 37% used [0x0000000081c00000,0x0000000084f863e8,0x000000008a480000)
 Metaspace       used 57713K, capacity 58816K, committed 58968K, reserved 1101824K
  class space    used 6706K, capacity 7016K, committed 7040K, reserved 1048576K
}
Event: 12.002 GC heap before
{Heap before GC invocations=11 (full 3):
 PSYoungGen      total 176128K, used 34284K [0x00000000d5f00000, 0x00000000e4000000, 0x0000000100000000)
  eden space 141824K, 0% used [0x00000000d5f00000,0x00000000d5f00000,0x00000000de980000)
  from space 34304K, 99% used [0x00000000e1200000,0x00000000e337b230,0x00000000e3380000)
  to   space 41472K, 0% used [0x00000000de980000,0x00000000de980000,0x00000000e1200000)
 ParOldGen       total 139776K, used 52760K [0x0000000081c00000, 0x000000008a480000, 0x00000000d5f00000)
  object space 139776K, 37% used [0x0000000081c00000,0x0000000084f863e8,0x000000008a480000)
 Metaspace       used 57713K, capacity 58816K, committed 58968K, reserved 1101824K
  class space    used 6706K, capacity 7016K, committed 7040K, reserved 1048576K
Event: 12.383 GC heap after
Heap after GC invocations=11 (full 3):
 PSYoungGen      total 176128K, used 0K [0x00000000d5f00000, 0x00000000e4000000, 0x0000000100000000)
  eden space 141824K, 0% used [0x00000000d5f00000,0x00000000d5f00000,0x00000000de980000)
  from space 34304K, 0% used [0x00000000e1200000,0x00000000e1200000,0x00000000e3380000)
  to   space 41472K, 0% used [0x00000000de980000,0x00000000de980000,0x00000000e1200000)
 ParOldGen       total 217600K, used 75583K [0x0000000081c00000, 0x000000008f080000, 0x00000000d5f00000)
  object space 217600K, 34% used [0x0000000081c00000,0x00000000865cff48,0x000000008f080000)
 Metaspace       used 57713K, capacity 58816K, committed 58968K, reserved 1101824K
  class space    used 6706K, capacity 7016K, committed 7040K, reserved 1048576K
}

Deoptimization events (10 events):
Event: 13.206 Thread 0x0000000002972800 Uncommon trap: reason=bimorphic action=maybe_recompile pc=0x0000000004e115e0 method=org.jetbrains.org.objectweb.asm.ClassReader.readField(Lorg/jetbrains/org/objectweb/asm/ClassVisitor;Lorg/jetbrains/org/objectweb/asm/Context;I)I @ 332
Event: 13.221 Thread 0x0000000002972800 Uncommon trap: reason=class_check action=maybe_recompile pc=0x000000000384c448 method=org.jetbrains.kotlin.descriptors.impl.PackageFragmentDescriptorImpl.getContainingDeclaration()Lorg/jetbrains/kotlin/descriptors/ModuleDescriptor; @ 4
Event: 13.221 Thread 0x0000000002972800 Uncommon trap: reason=class_check action=maybe_recompile pc=0x00000000040ae4b4 method=org.jetbrains.kotlin.resolve.DescriptorUtils.getContainingModuleOrNull(Lorg/jetbrains/kotlin/descriptors/DeclarationDescriptor;)Lorg/jetbrains/kotlin/descriptors/ModuleD
Event: 13.224 Thread 0x0000000002972800 Uncommon trap: reason=class_check action=maybe_recompile pc=0x000000000384c448 method=org.jetbrains.kotlin.descriptors.impl.PackageFragmentDescriptorImpl.getContainingDeclaration()Lorg/jetbrains/kotlin/descriptors/ModuleDescriptor; @ 4
Event: 13.224 Thread 0x0000000002972800 Uncommon trap: reason=class_check action=maybe_recompile pc=0x00000000040ae4b4 method=org.jetbrains.kotlin.resolve.DescriptorUtils.getContainingModuleOrNull(Lorg/jetbrains/kotlin/descriptors/DeclarationDescriptor;)Lorg/jetbrains/kotlin/descriptors/ModuleD
Event: 13.225 Thread 0x0000000002972800 Uncommon trap: reason=bimorphic action=maybe_recompile pc=0x000000000551fafc method=org.jetbrains.kotlin.storage.LockBasedStorageManager$LockBasedLazyValue.invoke()Ljava/lang/Object; @ 24
Event: 13.226 Thread 0x0000000002972800 Uncommon trap: reason=unstable_if action=reinterpret pc=0x00000000031d4e70 method=java.util.HashMap.hash(Ljava/lang/Object;)I @ 1
Event: 13.253 Thread 0x0000000002972800 Uncommon trap: reason=class_check action=maybe_recompile pc=0x000000000384c448 method=org.jetbrains.kotlin.descriptors.impl.PackageFragmentDescriptorImpl.getContainingDeclaration()Lorg/jetbrains/kotlin/descriptors/ModuleDescriptor; @ 4
Event: 13.253 Thread 0x0000000002972800 Uncommon trap: reason=class_check action=maybe_recompile pc=0x00000000040ae4b4 method=org.jetbrains.kotlin.resolve.DescriptorUtils.getContainingModuleOrNull(Lorg/jetbrains/kotlin/descriptors/DeclarationDescriptor;)Lorg/jetbrains/kotlin/descriptors/ModuleD
Event: 13.254 Thread 0x0000000002972800 Uncommon trap: reason=class_check action=maybe_recompile pc=0x00000000040b2eb4 method=org.jetbrains.kotlin.resolve.DescriptorUtils.getContainingModuleOrNull(Lorg/jetbrains/kotlin/descriptors/DeclarationDescriptor;)Lorg/jetbrains/kotlin/descriptors/ModuleD

Classes redefined (0 events):
No events

Internal exceptions (10 events):
Event: 9.642 Thread 0x0000000002972800 Implicit null exception at 0x0000000004714820 to 0x0000000004714e1d
Event: 9.642 Thread 0x0000000002972800 Implicit null exception at 0x0000000004397c9b to 0x00000000043980ad
Event: 9.682 Thread 0x0000000002972800 Implicit null exception at 0x00000000045b7ce0 to 0x00000000045b8229
Event: 9.682 Thread 0x0000000002972800 Implicit null exception at 0x0000000004381993 to 0x0000000004381b41
Event: 11.868 Thread 0x0000000002972800 Implicit null exception at 0x0000000003fdb514 to 0x0000000003fdb7b6
Event: 12.661 Thread 0x0000000002972800 Implicit null exception at 0x00000000035dde92 to 0x00000000035de076
Event: 12.940 Thread 0x0000000002972800 Exception <a 'java/lang/NoSuchMethodError': java.lang.Object.lambda$static$0(Lorg/jetbrains/kotlin/descriptors/ValueParameterDescriptor;Lorg/jetbrains/kotlin/codegen/ExpressionCodegen;)Lorg/jetbrains/kotlin/codegen/StackValue;> (0x00000000d7792808) thrown
Event: 13.149 Thread 0x0000000002972800 Implicit null exception at 0x00000000034ba315 to 0x00000000034ba5e1
Event: 13.159 Thread 0x0000000002972800 Implicit null exception at 0x0000000003ba2ef0 to 0x0000000003ba441d
Event: 13.226 Thread 0x0000000002972800 Implicit null exception at 0x00000000031d4c55 to 0x00000000031d4e61

Events (10 events):
Event: 13.276 loading class org/jetbrains/kotlin/codegen/optimization/common/TrackedReferenceValue
Event: 13.276 loading class org/jetbrains/kotlin/codegen/optimization/common/TrackedReferenceValue done
Event: 13.276 loading class org/jetbrains/kotlin/codegen/optimization/common/TaintedTrackedReferenceValue
Event: 13.276 loading class org/jetbrains/kotlin/codegen/optimization/common/TaintedTrackedReferenceValue done
Event: 13.276 loading class org/jetbrains/kotlin/codegen/optimization/common/ProperTrackedReferenceValue
Event: 13.276 loading class org/jetbrains/kotlin/codegen/optimization/common/ProperTrackedReferenceValue done
Event: 13.277 loading class org/jetbrains/kotlin/codegen/optimization/CapturedVarsOptimizationMethodTransformer$Transformer$analyze$1
Event: 13.277 loading class org/jetbrains/kotlin/codegen/optimization/CapturedVarsOptimizationMethodTransformer$Transformer$analyze$1 done
Event: 13.286 Executing VM operation: ForceSafepoint
Event: 13.286 Executing VM operation: ForceSafepoint done


Dynamic libraries:
0x00007ff6606d0000 - 0x00007ff660701000 	C:\Program Files\Android\Android Studio\jre\jre\bin\java.exe
0x00007ff899910000 - 0x00007ff899b06000 	C:\Windows\SYSTEM32\ntdll.dll
0x00007ff898200000 - 0x00007ff8982bd000 	C:\Windows\System32\KERNEL32.DLL
0x00007ff8973f0000 - 0x00007ff8976b9000 	C:\Windows\System32\KERNELBASE.dll
0x00007ff897cc0000 - 0x00007ff897d6c000 	C:\Windows\System32\ADVAPI32.dll
0x00007ff897be0000 - 0x00007ff897c7e000 	C:\Windows\System32\msvcrt.dll
0x00007ff899510000 - 0x00007ff8995ac000 	C:\Windows\System32\sechost.dll
0x00007ff8996c0000 - 0x00007ff8997eb000 	C:\Windows\System32\RPCRT4.dll
0x00007ff898050000 - 0x00007ff8981f0000 	C:\Windows\System32\USER32.dll
0x00007ff8977e0000 - 0x00007ff897802000 	C:\Windows\System32\win32u.dll
0x00007ff8997f0000 - 0x00007ff89981a000 	C:\Windows\System32\GDI32.dll
0x00007ff897130000 - 0x00007ff89723b000 	C:\Windows\System32\gdi32full.dll
0x00007ff8976c0000 - 0x00007ff89775d000 	C:\Windows\System32\msvcp_win.dll
0x00007ff8972f0000 - 0x00007ff8973f0000 	C:\Windows\System32\ucrtbase.dll
0x00007ff883560000 - 0x00007ff8837fb000 	C:\Windows\WinSxS\amd64_microsoft.windows.common-controls_6595b64144ccf1df_6.0.19041.746_none_ca02b4b61b8320a4\COMCTL32.dll
0x00007ff897c90000 - 0x00007ff897cc0000 	C:\Windows\System32\IMM32.DLL
0x0000000075230000 - 0x0000000075302000 	C:\Program Files\Android\Android Studio\jre\jre\bin\msvcr100.dll
0x00000000753f0000 - 0x0000000075c3b000 	C:\Program Files\Android\Android Studio\jre\jre\bin\server\jvm.dll
0x00007ff897c80000 - 0x00007ff897c88000 	C:\Windows\System32\PSAPI.DLL
0x00007ff888280000 - 0x00007ff8882a7000 	C:\Windows\SYSTEM32\WINMM.dll
0x00007ff8843d0000 - 0x00007ff8843da000 	C:\Windows\SYSTEM32\VERSION.dll
0x00007ff890f30000 - 0x00007ff890f39000 	C:\Windows\SYSTEM32\WSOCK32.dll
0x00007ff898fe0000 - 0x00007ff89904b000 	C:\Windows\System32\WS2_32.dll
0x00007ff890b30000 - 0x00007ff890b3f000 	C:\Program Files\Android\Android Studio\jre\jre\bin\verify.dll
0x00007ff887de0000 - 0x00007ff887e09000 	C:\Program Files\Android\Android Studio\jre\jre\bin\java.dll
0x00007ff888200000 - 0x00007ff888216000 	C:\Program Files\Android\Android Studio\jre\jre\bin\zip.dll
0x00007ff898890000 - 0x00007ff898fd2000 	C:\Windows\System32\SHELL32.dll
0x00007ff8951a0000 - 0x00007ff895930000 	C:\Windows\SYSTEM32\windows.storage.dll
0x00007ff8990d0000 - 0x00007ff899426000 	C:\Windows\System32\combase.dll
0x00007ff896ab0000 - 0x00007ff896adc000 	C:\Windows\SYSTEM32\Wldp.dll
0x00007ff8995b0000 - 0x00007ff89965e000 	C:\Windows\System32\SHCORE.dll
0x00007ff897d70000 - 0x00007ff897dc5000 	C:\Windows\System32\shlwapi.dll
0x00007ff896f80000 - 0x00007ff896fa6000 	C:\Windows\SYSTEM32\profapi.dll
0x00007ff887dc0000 - 0x00007ff887dda000 	C:\Program Files\Android\Android Studio\jre\jre\bin\net.dll
0x00007ff896830000 - 0x00007ff89689a000 	C:\Windows\system32\mswsock.dll
0x00007ff885d30000 - 0x00007ff885d43000 	C:\Program Files\Android\Android Studio\jre\jre\bin\nio.dll

VM Arguments:
java_command: org.jetbrains.kotlin.cli.jvm.K2JVMCompiler @C:\Users\Semeh\AndroidStudioProjects\RoadStatus\app\build\20210227_685263042269020730.compiler.options
java_class_path (initial): C:\Users\Semeh\.gradle\caches\modules-2\files-2.1\org.jetbrains.kotlin\kotlin-compiler-embeddable\1.4.30\320bc62a2dfa19a24bc1613894ae0eabc909052c\kotlin-compiler-embeddable-1.4.30.jar;C:\Users\Semeh\.gradle\caches\modules-2\files-2.1\org.jetbrains.kotlin\kotlin-reflect\1.4.30\a9116fbe28a0514671787df95133f28e65fdac25\kotlin-reflect-1.4.30.jar;C:\Users\Semeh\.gradle\caches\modules-2\files-2.1\org.jetbrains.kotlin\kotlin-stdlib\1.4.30\d10d1e10f47006ee08162dde039e38ac487de4ac\kotlin-stdlib-1.4.30.jar;C:\Users\Semeh\.gradle\caches\modules-2\files-2.1\org.jetbrains.kotlin\kotlin-script-runtime\1.4.30\b9c2a1fab9217623fc0fbadf6190e77eed6f054d\kotlin-script-runtime-1.4.30.jar;C:\Users\Semeh\.gradle\caches\modules-2\files-2.1\org.jetbrains.kotlin\kotlin-daemon-embeddable\1.4.30\bc024798c5378570ded42ffe3db82ca8ac86dabc\kotlin-daemon-embeddable-1.4.30.jar;C:\Users\Semeh\.gradle\caches\modules-2\files-2.1\org.jetbrains.intellij.deps\trove4j\1.0.20181211\216c2e14b070f334479d800987affe4054cd563f\trove4j-1.0.20181211.jar;C:\Users\Semeh\.gradle\caches\modules-2\files-2.1\org.jetbrains.kotlin\kotlin-stdlib-common\1.4.30\bb9a3173350f55732416ee27956ea8f9b81f4dbb\kotlin-stdlib-common-1.4.30.jar;C:\Users\Semeh\.gradle\caches\modules-2\files-2.1\org.jetbrains\annotations\13.0\919f0dfe192fb4e063e7dacadee7f8bb9a2672a9\annotations-13.0.jar;C:\Program Files\Android\Android Studio\jre\lib\tools.jar
Launcher Type: SUN_STANDARD

Environment Variables:
PATH=C:\oraclexe\app\oracle\product\10.2.0\server\bin;C:\Program Files\Common Files\Oracle\Java\javapath;C:\Program Files (x86)\Common Files\Intel\Shared Libraries\redist\intel64\compiler;C:\Program Files (x86)\Common Files\Oracle\Java\javapath;C:\Windows\system32;C:\Windows;C:\Windows\System32\Wbem;C:\Windows\System32\WindowsPowerShell\v1.0\;C:\Windows\System32\OpenSSH\;C:\Program Files\NVIDIA Corporation\NVIDIA NvDLISR;C:\xampp\php;C:\ProgramData\ComposerSetup\bin;C:\Program Files (x86)\NVIDIA Corporation\PhysX\Common;C:\Program Files\dotnet\;C:\Program Files\Git\cmd;C:\Users\Semeh\AppData\Local\Programs\Python\Python37\Scripts\;C:\Users\Semeh\AppData\Local\Programs\Python\Python37\;C:\Users\Semeh\AppData\Local\Microsoft\WindowsApps;C:\Program Files (x86)\mingw-w64\i686-8.1.0-posix-dwarf-rt_v6-rev0\mingw32\bin;C:\MinGW\bin;C:\Program Files\Java\jdk1.8.0_241;C:\Program Files\Java\jdk1.8.0_241\bin;C:\Users\Semeh\AppData\Roaming\Composer\vendor\bin;C:\Program Files\JetBrains\PyCharm Community Edition 2020.2.3\bin;;C:\Program Files\Java\jdk-11.0.8\bin;C:\Program Files\JetBrains\PhpStorm 2020.1\bin;;C:\Program Files\JetBrains\JetBrains Rider 2020.1.3\bin;;C:\Program Files (x86)\GnuWin32\bin;C:\Program Files\JetBrains\CLion 2020.2.1\bin;;C:\Users\Semeh\.dotnet\tools;C:\Users\Semeh\AppData\Local\GitHubDesktop\bin;C:\Program Files\Microsoft VS Code\bin
USERNAME=Semeh
OS=Windows_NT
PROCESSOR_IDENTIFIER=Intel64 Family 6 Model 142 Stepping 9, GenuineIntel



---------------  S Y S T E M  ---------------

OS: Windows 10.0 , 64 bit Build 19041 (10.0.19041.804)

CPU:total 4 (initial active 4) (2 cores per cpu, 2 threads per core) family 6 model 142 stepping 9, cmov, cx8, fxsr, mmx, sse, sse2, sse3, ssse3, sse4.1, sse4.2, popcnt, avx, avx2, aes, clmul, erms, 3dnowpref, lzcnt, ht, tsc, tscinvbit, bmi1, bmi2, adx

Memory: 4k page, physical 8267164k(1548688k free), swap 8267164k(5776k free)

vm_info: OpenJDK 64-Bit Server VM (25.242-b01) for windows-amd64 JRE (1.8.0_242-release-1644-b01), built by "builder" with MS VC++ 10.0 (VS2010)

time: Sat Feb 27 21:34:33 2021
timezone: W. Europe Standard Time
elapsed time: 13 seconds (0d 0h 0m 13s)

